<?xml version="1.0" encoding="UTF-8"?>
<!-- Generated by org.testng.reporters.JUnitXMLReporter -->
<testsuite hostname="L-005228" name="Default test" tests="3" failures="1" timestamp="5 Aug 2016 14:33:13 GMT" time="14.955" errors="0">
  <testcase name="NeuspesnoLogovanje" time="2.465" classname="test.login.Login"/>
  <testcase name="NeuspesnoLogovanje1" time="1.874" classname="test.login.Login">
    <failure type="java.lang.AssertionError" message="ERROR: You are logged in">
      <![CDATA[java.lang.AssertionError: ERROR: You are logged in
	at test.login.Login.NeuspesnoLogovanje1(Login.java:64)
... Removed 25 stack frames]]>
    </failure>
  </testcase> <!-- NeuspesnoLogovanje1 -->
  <testcase name="UspesnoLogovanje" time="0.0" classname="test.login.Login">
    <skipped/>
  </testcase> <!-- UspesnoLogovanje -->
</testsuite> <!-- Default test -->
